{
  "RSpec": {
    "coverage": {
      "/Users/arranoakes/Projects/team-projects/makers-bnb/app.rb": {
        "lines": [
          1,
          1,
          1,
          1,
          1,
          1,
          1,
          1,
          null,
          1,
          1,
          0,
          null,
          null,
          1,
          1,
          null,
          1,
          1,
          null,
          null,
          1,
          0,
          null,
          null,
          1,
          17,
          17,
          17,
          null,
          null,
          1,
          0,
          0,
          0,
          null,
          null,
          1,
          0,
          0,
          0,
          null,
          null,
          1,
          2,
          2,
          null,
          null,
          1,
          2,
          2,
          2,
          null,
          null,
          1,
          3,
          null,
          null,
          1,
          1,
          null,
          null,
          1,
          4,
          4,
          4,
          0,
          0,
          null,
          4,
          null,
          null,
          0,
          0,
          0,
          null,
          0,
          0,
          null,
          null,
          null,
          null,
          1,
          2,
          2,
          null,
          null,
          1,
          0,
          null,
          0,
          0,
          0,
          null,
          null,
          null,
          1,
          21,
          null,
          null,
          1,
          21,
          null,
          null,
          1,
          null
        ]
      },
      "/Users/arranoakes/Projects/team-projects/makers-bnb/lib/space.rb": {
        "lines": [
          1,
          null,
          1,
          1,
          null,
          1,
          4,
          4,
          null,
          null,
          null,
          null,
          null,
          null,
          null,
          null,
          null,
          1,
          1,
          1,
          null,
          null,
          null,
          null,
          null,
          null,
          null,
          1,
          null,
          null,
          1,
          18,
          18,
          1209,
          null,
          null,
          null,
          1,
          1214,
          1214,
          1214,
          1214,
          1214,
          1214,
          null,
          null,
          null
        ]
      },
      "/Users/arranoakes/Projects/team-projects/makers-bnb/lib/booking.rb": {
        "lines": [
          1,
          null,
          1,
          null,
          1,
          null,
          1,
          null,
          null,
          1,
          1,
          1,
          null,
          1,
          1,
          null,
          null,
          null,
          1,
          2,
          2,
          325,
          null,
          2,
          null,
          null,
          1,
          1,
          1,
          126,
          null,
          null,
          null,
          1,
          1,
          null,
          1,
          1,
          null,
          1,
          null,
          null,
          1,
          453,
          453,
          453,
          453,
          453,
          453,
          null,
          null
        ]
      },
      "/Users/arranoakes/Projects/team-projects/makers-bnb/lib/user.rb": {
        "lines": [
          1,
          1,
          null,
          1,
          2,
          2,
          null,
          null,
          null,
          null,
          null,
          1,
          1,
          1,
          1,
          null,
          null,
          null,
          null,
          null,
          null,
          1,
          6,
          6,
          5,
          5,
          null,
          null,
          null,
          null,
          null,
          1,
          4,
          4,
          null,
          null,
          1,
          8,
          8,
          null,
          null
        ]
      },
      "/Users/arranoakes/Projects/team-projects/makers-bnb/spec/features/add_space_spec.rb": {
        "lines": [
          1,
          null,
          1,
          1,
          1,
          null,
          1,
          null,
          1,
          1,
          1,
          1,
          null,
          1,
          null,
          1,
          1,
          null,
          null
        ]
      },
      "/Users/arranoakes/Projects/team-projects/makers-bnb/spec/features/request_booking_spec.rb": {
        "lines": [
          1,
          null,
          1,
          null,
          null,
          null,
          null,
          null,
          null,
          null,
          null,
          null,
          null,
          null,
          null,
          null,
          null,
          null,
          null,
          null,
          null,
          null,
          null,
          null,
          null,
          null,
          null,
          null,
          null,
          null,
          null,
          null
        ]
      },
      "/Users/arranoakes/Projects/team-projects/makers-bnb/spec/features/test_spec.rb": {
        "lines": [
          1,
          1,
          1,
          1,
          null,
          null
        ]
      },
      "/Users/arranoakes/Projects/team-projects/makers-bnb/spec/features/user_management_spec.rb": {
        "lines": [
          1,
          null,
          1,
          null,
          4,
          4,
          null,
          1,
          1,
          1,
          1,
          1,
          1,
          1,
          1,
          1,
          null,
          null,
          1,
          1,
          null,
          1,
          1,
          null,
          1,
          1,
          1,
          1,
          1,
          1,
          1,
          1,
          null,
          null,
          1,
          1,
          null,
          1,
          1,
          1,
          1,
          null,
          null,
          null
        ]
      },
      "/Users/arranoakes/Projects/team-projects/makers-bnb/spec/features/view_spaces_spec.rb": {
        "lines": [
          1,
          null,
          1,
          1,
          null,
          1,
          1,
          1,
          null,
          null
        ]
      },
      "/Users/arranoakes/Projects/team-projects/makers-bnb/spec/units/booking_spec.rb": {
        "lines": [
          1,
          1,
          1,
          1,
          null,
          1,
          null,
          5,
          5,
          4,
          4,
          4,
          null,
          1,
          null,
          1,
          1,
          1,
          null,
          1,
          null,
          null,
          null,
          null,
          1,
          1,
          1,
          1,
          null,
          1,
          0,
          0,
          0,
          0,
          null,
          null,
          null,
          1,
          1,
          1,
          1,
          1,
          null,
          1,
          1,
          1,
          1,
          1,
          null,
          null,
          null,
          1,
          1,
          1,
          1,
          1,
          null,
          1,
          null,
          1,
          0,
          0,
          0,
          0,
          0,
          0,
          null,
          null,
          null,
          null
        ]
      },
      "/Users/arranoakes/Projects/team-projects/makers-bnb/spec/units/database_connection_spec.rb": {
        "lines": [
          1,
          1,
          null,
          1,
          null,
          1,
          null,
          1,
          1,
          1,
          null,
          null,
          null,
          null,
          1,
          null,
          1,
          1,
          1,
          1,
          null,
          null,
          null,
          null,
          null
        ]
      },
      "/Users/arranoakes/Projects/team-projects/makers-bnb/spec/units/space_spec.rb": {
        "lines": [
          1,
          1,
          null,
          1,
          null,
          3,
          3,
          3,
          3,
          3,
          null,
          1,
          1,
          1,
          1,
          null,
          1,
          1,
          1,
          1,
          1,
          1,
          1,
          null,
          null,
          null,
          null,
          null,
          1,
          1,
          1,
          null,
          1,
          1,
          1,
          1,
          null,
          null,
          null,
          1,
          1,
          1,
          null,
          1,
          null,
          1,
          1,
          1,
          1,
          1,
          1,
          null,
          null,
          null
        ]
      },
      "/Users/arranoakes/Projects/team-projects/makers-bnb/spec/units/user_spec.rb": {
        "lines": [
          1,
          null,
          1,
          null,
          4,
          4,
          null,
          1,
          1,
          1,
          1,
          null,
          1,
          null,
          null,
          null,
          1,
          null,
          1,
          1,
          1,
          null,
          1,
          null,
          null,
          null,
          1,
          1,
          null,
          1,
          null,
          null,
          null,
          null,
          null
        ]
      }
    },
    "timestamp": 1625128392
  }
}
